\BOOKMARK [0][-]{section*.1}{\376\377\000A\000B\000S\000T\000R\000A\000C\000T}{}% 1
\BOOKMARK [0][-]{chapter.1}{\376\377\000I\000N\000T\000R\000O\000D\000U\000C\000T\000I\000O\000N\000\040\000A\000N\000D\000\040\000L\000A\000N\000G\000U\000A\000G\000E\000\040\000D\000E\000S\000I\000G\000N}{}% 2
\BOOKMARK [1][-]{section.1.1}{\376\377\000B\000a\000c\000k\000g\000r\000o\000u\000n\000d\000\040\000a\000n\000d\000\040\000P\000r\000o\000b\000l\000e\000m\000\040\000S\000t\000a\000t\000e\000m\000e\000n\000t}{chapter.1}% 3
\BOOKMARK [1][-]{section.1.2}{\376\377\000P\000r\000o\000p\000o\000s\000i\000t\000i\000o\000n\000a\000l\000\040\000L\000o\000g\000i\000c}{chapter.1}% 4
\BOOKMARK [1][-]{section.1.3}{\376\377\000A\000l\000p\000h\000a\000b\000e\000t\000\040\000a\000n\000d\000\040\000T\000o\000k\000e\000n\000\040\000S\000p\000e\000c\000i\000f\000i\000c\000a\000t\000i\000o\000n}{chapter.1}% 5
\BOOKMARK [1][-]{section.1.4}{\376\377\000C\000o\000n\000t\000e\000x\000t\000-\000F\000r\000e\000e\000\040\000G\000r\000a\000m\000m\000a\000r}{chapter.1}% 6
\BOOKMARK [2][-]{subsection.1.4.1}{\376\377\000E\000q\000u\000i\000v\000a\000l\000e\000n\000t\000\040\000U\000n\000a\000m\000b\000i\000g\000u\000o\000u\000s\000\040\000G\000r\000a\000m\000m\000a\000r}{section.1.4}% 7
\BOOKMARK [1][-]{section.1.5}{\376\377\000O\000p\000e\000r\000a\000t\000o\000r\000\040\000P\000r\000e\000c\000e\000d\000e\000n\000c\000e\000\040\000a\000n\000d\000\040\000A\000s\000s\000o\000c\000i\000a\000t\000i\000v\000i\000t\000y}{chapter.1}% 8
\BOOKMARK [1][-]{section.1.6}{\376\377\000N\000o\000t\000a\000t\000i\000o\000n\000\040\000S\000y\000s\000t\000e\000m\000s}{chapter.1}% 9
\BOOKMARK [0][-]{chapter.2}{\376\377\000S\000Y\000S\000T\000E\000M\000\040\000A\000R\000C\000H\000I\000T\000E\000C\000T\000U\000R\000E}{}% 10
\BOOKMARK [1][-]{section.2.1}{\376\377\000C\000o\000m\000p\000i\000l\000e\000r\000\040\000F\000r\000o\000n\000t\000-\000E\000n\000d\000\040\000P\000i\000p\000e\000l\000i\000n\000e}{chapter.2}% 11
\BOOKMARK [1][-]{section.2.2}{\376\377\000P\000r\000o\000j\000e\000c\000t\000\040\000S\000t\000r\000u\000c\000t\000u\000r\000e}{chapter.2}% 12
\BOOKMARK [1][-]{section.2.3}{\376\377\000T\000e\000c\000h\000n\000o\000l\000o\000g\000y\000\040\000S\000t\000a\000c\000k}{chapter.2}% 13
\BOOKMARK [0][-]{chapter.3}{\376\377\000I\000M\000P\000L\000E\000M\000E\000N\000T\000A\000T\000I\000O\000N\000\040\000D\000E\000T\000A\000I\000L\000S}{}% 14
\BOOKMARK [1][-]{section.3.1}{\376\377\000L\000e\000x\000i\000c\000a\000l\000\040\000A\000n\000a\000l\000y\000s\000e\000r}{chapter.3}% 15
\BOOKMARK [1][-]{section.3.2}{\376\377\000P\000a\000r\000s\000e\000r\000\040\040\024\000\040\000L\000A\000L\000R\000\050\0001\000\051}{chapter.3}% 16
\BOOKMARK [2][-]{subsection.3.2.1}{\376\377\000L\000A\000L\000R\000\050\0001\000\051\000\040\000P\000a\000r\000s\000i\000n\000g\000\040\000A\000l\000g\000o\000r\000i\000t\000h\000m}{section.3.2}% 17
\BOOKMARK [2][-]{subsection.3.2.2}{\376\377\000P\000r\000e\000c\000e\000d\000e\000n\000c\000e\000\040\000D\000e\000c\000l\000a\000r\000a\000t\000i\000o\000n}{section.3.2}% 18
\BOOKMARK [2][-]{subsection.3.2.3}{\376\377\000G\000r\000a\000m\000m\000a\000r\000\040\000R\000u\000l\000e\000s\000\040\000w\000i\000t\000h\000\040\000S\000e\000m\000a\000n\000t\000i\000c\000\040\000A\000c\000t\000i\000o\000n\000s}{section.3.2}% 19
\BOOKMARK [2][-]{subsection.3.2.4}{\376\377\000P\000a\000r\000s\000i\000n\000g\000\040\000T\000r\000a\000c\000e}{section.3.2}% 20
\BOOKMARK [1][-]{section.3.3}{\376\377\000A\000b\000s\000t\000r\000a\000c\000t\000\040\000S\000y\000n\000t\000a\000x\000\040\000T\000r\000e\000e\000\040\000\050\000A\000S\000T\000\051}{chapter.3}% 21
\BOOKMARK [2][-]{subsection.3.3.1}{\376\377\000A\000S\000T\000\040\000C\000o\000n\000s\000t\000r\000u\000c\000t\000i\000o\000n\000\040\000E\000x\000a\000m\000p\000l\000e\000\040\040\024\000\040\000P\000a\000r\000s\000e\000\040\000T\000r\000e\000e}{section.3.3}% 22
\BOOKMARK [1][-]{section.3.4}{\376\377\000E\000v\000a\000l\000u\000a\000t\000i\000o\000n\000\040\040\024\000\040\000T\000r\000u\000t\000h\000\040\000V\000a\000l\000u\000e\000\040\000C\000o\000m\000p\000u\000t\000a\000t\000i\000o\000n}{chapter.3}% 23
\BOOKMARK [1][-]{section.3.5}{\376\377\000T\000r\000a\000n\000s\000l\000a\000t\000i\000o\000n\000\040\040\024\000\040\000P\000r\000e\000f\000i\000x\000\040\000N\000o\000t\000a\000t\000i\000o\000n\000\040\000G\000e\000n\000e\000r\000a\000t\000i\000o\000n}{chapter.3}% 24
\BOOKMARK [1][-]{section.3.6}{\376\377\000G\000r\000a\000p\000h\000i\000c\000a\000l\000\040\000U\000s\000e\000r\000\040\000I\000n\000t\000e\000r\000f\000a\000c\000e}{chapter.3}% 25
\BOOKMARK [2][-]{subsection.3.6.1}{\376\377\000G\000U\000I\000\040\000I\000n\000t\000e\000r\000a\000c\000t\000i\000o\000n\000\040\000F\000l\000o\000w}{section.3.6}% 26
\BOOKMARK [1][-]{section.3.7}{\376\377\000I\000n\000t\000e\000g\000r\000a\000t\000i\000o\000n\000\040\000o\000f\000\040\000P\000a\000r\000s\000e\000r\000\040\000a\000n\000d\000\040\000T\000r\000a\000n\000s\000l\000a\000t\000i\000o\000n}{chapter.3}% 27
\BOOKMARK [0][-]{chapter.4}{\376\377\000T\000E\000S\000T\000I\000N\000G\000\040\000A\000N\000D\000\040\000V\000E\000R\000I\000F\000I\000C\000A\000T\000I\000O\000N}{}% 28
\BOOKMARK [1][-]{section.4.1}{\376\377\000T\000e\000s\000t\000\040\000C\000a\000s\000e\000s}{chapter.4}% 29
\BOOKMARK [1][-]{section.4.2}{\376\377\000K\000e\000y\000\040\000T\000e\000s\000t\000\040\000C\000a\000s\000e\000s}{chapter.4}% 30
\BOOKMARK [1][-]{section.4.3}{\376\377\000E\000r\000r\000o\000r\000\040\000H\000a\000n\000d\000l\000i\000n\000g}{chapter.4}% 31
\BOOKMARK [1][-]{section.4.4}{\376\377\000A\000u\000t\000o\000m\000a\000t\000e\000d\000\040\000T\000e\000s\000t\000\040\000S\000u\000i\000t\000e}{chapter.4}% 32
\BOOKMARK [0][-]{chapter.5}{\376\377\000C\000O\000N\000C\000L\000U\000S\000I\000O\000N}{}% 33
\BOOKMARK [0][-]{section*.24}{\376\377\000R\000E\000F\000E\000R\000E\000N\000C\000E\000S}{}% 34
\BOOKMARK [0][-]{chapter*.26}{\376\377\000A\000P\000P\000E\000N\000D\000I\000X\000\040\000A\000:\000\040\000S\000O\000U\000R\000C\000E\000\040\000C\000O\000D\000E\000\040\000A\000V\000A\000I\000L\000A\000B\000I\000L\000I\000T\000Y}{}% 35
